  main.cpp
D:\University-Work\University-Work-SEM-06\Assignment\Graphics\ShapeShifter\ShapeShifter\main.cpp(50,57): warning C4305: 'argument': truncation from 'double' to 'GLclampf'
D:\University-Work\University-Work-SEM-06\Assignment\Graphics\ShapeShifter\ShapeShifter\main.cpp(63,35): warning C4838: conversion from 'double' to 'const GLubyte' requires a narrowing conversion
D:\University-Work\University-Work-SEM-06\Assignment\Graphics\ShapeShifter\ShapeShifter\main.cpp(63,35): warning C4244: 'initializing': conversion from 'double' to 'const GLubyte', possible loss of data
D:\University-Work\University-Work-SEM-06\Assignment\Graphics\ShapeShifter\ShapeShifter\main.cpp(63,41): warning C4838: conversion from 'double' to 'const GLubyte' requires a narrowing conversion
D:\University-Work\University-Work-SEM-06\Assignment\Graphics\ShapeShifter\ShapeShifter\main.cpp(63,41): warning C4244: 'initializing': conversion from 'double' to 'const GLubyte', possible loss of data
D:\University-Work\University-Work-SEM-06\Assignment\Graphics\ShapeShifter\ShapeShifter\main.cpp(63,47): warning C4838: conversion from 'double' to 'const GLubyte' requires a narrowing conversion
D:\University-Work\University-Work-SEM-06\Assignment\Graphics\ShapeShifter\ShapeShifter\main.cpp(63,47): warning C4244: 'initializing': conversion from 'double' to 'const GLubyte', possible loss of data
D:\University-Work\University-Work-SEM-06\Assignment\Graphics\ShapeShifter\ShapeShifter\main.cpp(63,53): warning C4838: conversion from 'double' to 'const GLubyte' requires a narrowing conversion
D:\University-Work\University-Work-SEM-06\Assignment\Graphics\ShapeShifter\ShapeShifter\main.cpp(63,53): warning C4244: 'initializing': conversion from 'double' to 'const GLubyte', possible loss of data
D:\University-Work\University-Work-SEM-06\Assignment\Graphics\ShapeShifter\ShapeShifter\main.cpp(64,30): warning C4838: conversion from 'double' to 'const GLubyte' requires a narrowing conversion
D:\University-Work\University-Work-SEM-06\Assignment\Graphics\ShapeShifter\ShapeShifter\main.cpp(64,30): warning C4244: 'initializing': conversion from 'double' to 'const GLubyte', possible loss of data
D:\University-Work\University-Work-SEM-06\Assignment\Graphics\ShapeShifter\ShapeShifter\main.cpp(64,37): warning C4838: conversion from 'double' to 'const GLubyte' requires a narrowing conversion
D:\University-Work\University-Work-SEM-06\Assignment\Graphics\ShapeShifter\ShapeShifter\main.cpp(64,37): warning C4244: 'initializing': conversion from 'double' to 'const GLubyte', possible loss of data
D:\University-Work\University-Work-SEM-06\Assignment\Graphics\ShapeShifter\ShapeShifter\main.cpp(64,42): warning C4838: conversion from 'double' to 'const GLubyte' requires a narrowing conversion
D:\University-Work\University-Work-SEM-06\Assignment\Graphics\ShapeShifter\ShapeShifter\main.cpp(64,42): warning C4244: 'initializing': conversion from 'double' to 'const GLubyte', possible loss of data
D:\University-Work\University-Work-SEM-06\Assignment\Graphics\ShapeShifter\ShapeShifter\main.cpp(64,47): warning C4838: conversion from 'double' to 'const GLubyte' requires a narrowing conversion
D:\University-Work\University-Work-SEM-06\Assignment\Graphics\ShapeShifter\ShapeShifter\main.cpp(64,47): warning C4244: 'initializing': conversion from 'double' to 'const GLubyte', possible loss of data
D:\University-Work\University-Work-SEM-06\Assignment\Graphics\ShapeShifter\ShapeShifter\main.cpp(88,34): warning C4838: conversion from 'double' to 'const GLubyte' requires a narrowing conversion
D:\University-Work\University-Work-SEM-06\Assignment\Graphics\ShapeShifter\ShapeShifter\main.cpp(88,34): warning C4244: 'initializing': conversion from 'double' to 'const GLubyte', possible loss of data
D:\University-Work\University-Work-SEM-06\Assignment\Graphics\ShapeShifter\ShapeShifter\main.cpp(88,41): warning C4838: conversion from 'double' to 'const GLubyte' requires a narrowing conversion
D:\University-Work\University-Work-SEM-06\Assignment\Graphics\ShapeShifter\ShapeShifter\main.cpp(88,41): warning C4244: 'initializing': conversion from 'double' to 'const GLubyte', possible loss of data
D:\University-Work\University-Work-SEM-06\Assignment\Graphics\ShapeShifter\ShapeShifter\main.cpp(88,47): warning C4838: conversion from 'double' to 'const GLubyte' requires a narrowing conversion
D:\University-Work\University-Work-SEM-06\Assignment\Graphics\ShapeShifter\ShapeShifter\main.cpp(88,47): warning C4244: 'initializing': conversion from 'double' to 'const GLubyte', possible loss of data
D:\University-Work\University-Work-SEM-06\Assignment\Graphics\ShapeShifter\ShapeShifter\main.cpp(88,53): warning C4838: conversion from 'double' to 'const GLubyte' requires a narrowing conversion
D:\University-Work\University-Work-SEM-06\Assignment\Graphics\ShapeShifter\ShapeShifter\main.cpp(88,53): warning C4244: 'initializing': conversion from 'double' to 'const GLubyte', possible loss of data
D:\University-Work\University-Work-SEM-06\Assignment\Graphics\ShapeShifter\ShapeShifter\main.cpp(89,35): warning C4838: conversion from 'double' to 'const GLubyte' requires a narrowing conversion
D:\University-Work\University-Work-SEM-06\Assignment\Graphics\ShapeShifter\ShapeShifter\main.cpp(89,35): warning C4244: 'initializing': conversion from 'double' to 'const GLubyte', possible loss of data
D:\University-Work\University-Work-SEM-06\Assignment\Graphics\ShapeShifter\ShapeShifter\main.cpp(89,41): warning C4838: conversion from 'double' to 'const GLubyte' requires a narrowing conversion
D:\University-Work\University-Work-SEM-06\Assignment\Graphics\ShapeShifter\ShapeShifter\main.cpp(89,41): warning C4244: 'initializing': conversion from 'double' to 'const GLubyte', possible loss of data
D:\University-Work\University-Work-SEM-06\Assignment\Graphics\ShapeShifter\ShapeShifter\main.cpp(89,47): warning C4838: conversion from 'double' to 'const GLubyte' requires a narrowing conversion
D:\University-Work\University-Work-SEM-06\Assignment\Graphics\ShapeShifter\ShapeShifter\main.cpp(89,47): warning C4244: 'initializing': conversion from 'double' to 'const GLubyte', possible loss of data
D:\University-Work\University-Work-SEM-06\Assignment\Graphics\ShapeShifter\ShapeShifter\main.cpp(89,53): warning C4838: conversion from 'double' to 'const GLubyte' requires a narrowing conversion
D:\University-Work\University-Work-SEM-06\Assignment\Graphics\ShapeShifter\ShapeShifter\main.cpp(89,53): warning C4244: 'initializing': conversion from 'double' to 'const GLubyte', possible loss of data
D:\University-Work\University-Work-SEM-06\Assignment\Graphics\ShapeShifter\ShapeShifter\main.cpp(90,34): warning C4838: conversion from 'double' to 'const GLubyte' requires a narrowing conversion
D:\University-Work\University-Work-SEM-06\Assignment\Graphics\ShapeShifter\ShapeShifter\main.cpp(90,34): warning C4244: 'initializing': conversion from 'double' to 'const GLubyte', possible loss of data
D:\University-Work\University-Work-SEM-06\Assignment\Graphics\ShapeShifter\ShapeShifter\main.cpp(90,40): warning C4838: conversion from 'double' to 'const GLubyte' requires a narrowing conversion
D:\University-Work\University-Work-SEM-06\Assignment\Graphics\ShapeShifter\ShapeShifter\main.cpp(90,40): warning C4244: 'initializing': conversion from 'double' to 'const GLubyte', possible loss of data
D:\University-Work\University-Work-SEM-06\Assignment\Graphics\ShapeShifter\ShapeShifter\main.cpp(90,46): warning C4838: conversion from 'double' to 'const GLubyte' requires a narrowing conversion
D:\University-Work\University-Work-SEM-06\Assignment\Graphics\ShapeShifter\ShapeShifter\main.cpp(90,46): warning C4244: 'initializing': conversion from 'double' to 'const GLubyte', possible loss of data
D:\University-Work\University-Work-SEM-06\Assignment\Graphics\ShapeShifter\ShapeShifter\main.cpp(90,52): warning C4838: conversion from 'double' to 'const GLubyte' requires a narrowing conversion
D:\University-Work\University-Work-SEM-06\Assignment\Graphics\ShapeShifter\ShapeShifter\main.cpp(90,52): warning C4244: 'initializing': conversion from 'double' to 'const GLubyte', possible loss of data
D:\University-Work\University-Work-SEM-06\Assignment\Graphics\ShapeShifter\ShapeShifter\main.cpp(91,36): warning C4838: conversion from 'double' to 'const GLubyte' requires a narrowing conversion
D:\University-Work\University-Work-SEM-06\Assignment\Graphics\ShapeShifter\ShapeShifter\main.cpp(91,36): warning C4244: 'initializing': conversion from 'double' to 'const GLubyte', possible loss of data
D:\University-Work\University-Work-SEM-06\Assignment\Graphics\ShapeShifter\ShapeShifter\main.cpp(91,41): warning C4838: conversion from 'double' to 'const GLubyte' requires a narrowing conversion
D:\University-Work\University-Work-SEM-06\Assignment\Graphics\ShapeShifter\ShapeShifter\main.cpp(91,41): warning C4244: 'initializing': conversion from 'double' to 'const GLubyte', possible loss of data
D:\University-Work\University-Work-SEM-06\Assignment\Graphics\ShapeShifter\ShapeShifter\main.cpp(91,48): warning C4838: conversion from 'double' to 'const GLubyte' requires a narrowing conversion
D:\University-Work\University-Work-SEM-06\Assignment\Graphics\ShapeShifter\ShapeShifter\main.cpp(91,48): warning C4244: 'initializing': conversion from 'double' to 'const GLubyte', possible loss of data
D:\University-Work\University-Work-SEM-06\Assignment\Graphics\ShapeShifter\ShapeShifter\main.cpp(91,55): warning C4838: conversion from 'double' to 'const GLubyte' requires a narrowing conversion
D:\University-Work\University-Work-SEM-06\Assignment\Graphics\ShapeShifter\ShapeShifter\main.cpp(91,55): warning C4244: 'initializing': conversion from 'double' to 'const GLubyte', possible loss of data
  ShapeShifter.vcxproj -> D:\University-Work\University-Work-SEM-06\Assignment\Graphics\ShapeShifter\x64\Debug\ShapeShifter.exe
